  [1m[35m (106.7ms)[0m  [1m[35mCREATE TABLE "schema_migrations" ("version" varchar NOT NULL PRIMARY KEY)[0m
  [1m[35m (118.9ms)[0m  [1m[35mCREATE TABLE "ar_internal_metadata" ("key" varchar NOT NULL PRIMARY KEY, "value" varchar, "created_at" datetime NOT NULL, "updated_at" datetime NOT NULL)[0m
  [1m[36mActiveRecord::SchemaMigration Load (0.1ms)[0m  [1m[34mSELECT "schema_migrations".* FROM "schema_migrations"[0m
Migrating to CreateStudents (20170319131811)
  [1m[35m (0.1ms)[0m  [1m[36mbegin transaction[0m
  [1m[35m (1.6ms)[0m  [1m[35mCREATE TABLE "students" ("id" INTEGER PRIMARY KEY AUTOINCREMENT NOT NULL, "name" varchar, "reg_num" varchar, "created_at" datetime NOT NULL, "updated_at" datetime NOT NULL)[0m
  [1m[35mSQL (0.1ms)[0m  [1m[32mINSERT INTO "schema_migrations" ("version") VALUES (?)[0m  [["version", "20170319131811"]]
  [1m[35m (89.7ms)[0m  [1m[36mcommit transaction[0m
  [1m[36mActiveRecord::InternalMetadata Load (0.2ms)[0m  [1m[34mSELECT  "ar_internal_metadata".* FROM "ar_internal_metadata" WHERE "ar_internal_metadata"."key" = ? LIMIT ?[0m  [["key", :environment], ["LIMIT", 1]]
  [1m[35m (0.1ms)[0m  [1m[36mbegin transaction[0m
  [1m[35mSQL (0.7ms)[0m  [1m[32mINSERT INTO "ar_internal_metadata" ("key", "value", "created_at", "updated_at") VALUES (?, ?, ?, ?)[0m  [["key", "environment"], ["value", "development"], ["created_at", 2017-03-19 13:18:20 UTC], ["updated_at", 2017-03-19 13:18:20 UTC]]
  [1m[35m (55.1ms)[0m  [1m[36mcommit transaction[0m
  [1m[36mActiveRecord::SchemaMigration Load (0.1ms)[0m  [1m[34mSELECT "schema_migrations".* FROM "schema_migrations"[0m
Started GET "/" for 127.0.0.1 at 2017-03-19 19:06:36 +0530
  [1m[36mActiveRecord::SchemaMigration Load (0.1ms)[0m  [1m[34mSELECT "schema_migrations".* FROM "schema_migrations"[0m
Processing by StudentsController#index as HTML
  Rendering students/index.html.erb within layouts/application
  [1m[36mStudent Load (0.2ms)[0m  [1m[34mSELECT "students".* FROM "students"[0m
  Rendered students/index.html.erb within layouts/application (55.9ms)
Completed 200 OK in 4509ms (Views: 4416.5ms | ActiveRecord: 0.4ms)


Started POST "/students/import" for 127.0.0.1 at 2017-03-19 19:08:27 +0530
Processing by StudentsController#import as HTML
  Parameters: {"utf8"=>"✓", "authenticity_token"=>"8cgrZFbAEakvTYKGnbR90hiuVW8vkIo9hMAIUrevYJqOpU33VDkFmORIkvDfiF0acpQ0tfezggbRAo7zpd/41Q==", "file"=>#<ActionDispatch::Http::UploadedFile:0x007fa6780c00f0 @tempfile=#<Tempfile:/tmp/RackMultipart20170319-626-19u84gv.csv>, @original_filename="test.csv", @content_type="text/csv", @headers="Content-Disposition: form-data; name=\"file\"; filename=\"test.csv\"\r\nContent-Type: text/csv\r\n">, "commit"=>"Import CSV"}
  [1m[35m (0.1ms)[0m  [1m[36mbegin transaction[0m
  [1m[35mSQL (23.5ms)[0m  [1m[32mINSERT INTO "students" ("name", "reg_num", "created_at", "updated_at") VALUES (?, ?, ?, ?)[0m  [["name", "Shreenath"], ["reg_num", "RA236"], ["created_at", 2017-03-19 13:38:27 UTC], ["updated_at", 2017-03-19 13:38:27 UTC]]
  [1m[35m (110.4ms)[0m  [1m[36mcommit transaction[0m
  [1m[35m (0.1ms)[0m  [1m[36mbegin transaction[0m
  [1m[35mSQL (0.9ms)[0m  [1m[32mINSERT INTO "students" ("name", "reg_num", "created_at", "updated_at") VALUES (?, ?, ?, ?)[0m  [["name", "Tewari"], ["reg_num", "RA487"], ["created_at", 2017-03-19 13:38:27 UTC], ["updated_at", 2017-03-19 13:38:27 UTC]]
  [1m[35m (51.5ms)[0m  [1m[36mcommit transaction[0m
Redirected to http://localhost:4000/
Completed 302 Found in 219ms (ActiveRecord: 197.1ms)


Started GET "/" for 127.0.0.1 at 2017-03-19 19:08:28 +0530
Processing by StudentsController#index as HTML
  Rendering students/index.html.erb within layouts/application
  [1m[36mStudent Load (0.3ms)[0m  [1m[34mSELECT "students".* FROM "students"[0m
  Rendered students/index.html.erb within layouts/application (2.0ms)
Completed 200 OK in 122ms (Views: 120.8ms | ActiveRecord: 0.3ms)


